#
# A fatal error has been detected by the Java Runtime Environment:
#
#  EXCEPTION_ACCESS_VIOLATION (0xc0000005) at pc=0x0000000075b5a6a5, pid=14736, tid=7616
#
# JRE version: Java(TM) SE Runtime Environment (8.0_31-b13) (build 1.8.0_31-b13)
# Java VM: Java HotSpot(TM) 64-Bit Server VM (25.31-b07 mixed mode windows-amd64 compressed oops)
# Problematic frame:
# V  [jvm.dll+0x11a6a5]
#
# Failed to write core dump. Minidumps are not enabled by default on client versions of Windows
#
# If you would like to submit a bug report, please visit:
#   http://bugreport.java.com/bugreport/crash.jsp
#

---------------  T H R E A D  ---------------

Current thread (0x0000000017a22800):  JavaThread "JDWP Transport Listener: dt_socket" daemon [_thread_in_vm, id=7616, stack(0x00000000192c0000,0x00000000193c0000)]

siginfo: ExceptionCode=0xc0000005, reading address 0xffffffffffffffff

Registers:
RAX=0x00000000193bf401, RBX=0x0000000017a22800, RCX=0x7250726567676f00, RDX=0x0000000000000000
RSP=0x00000000193bf4a0, RBP=0x7250726567676f00, RSI=0x00000000193bf5b8, RDI=0x0000000002ca88a0
R8 =0x0000000017a22800, R9 =0x0000000000000000, R10=0x0000000000000000, R11=0x0000000000000064
R12=0x0000000000000000, R13=0x0000000017a1b2d8, R14=0x0000000000000000, R15=0x0000000000000000
RIP=0x0000000075b5a6a5, EFLAGS=0x0000000000010206

Top of Stack: (sp=0x00000000193bf4a0)
0x00000000193bf4a0:   0000000017a22800 0000000017a22800
0x00000000193bf4b0:   00000000193bf568 0000000075d57c1b
0x00000000193bf4c0:   0000000017a22800 0000000075d7447d
0x00000000193bf4d0:   0000000000000000 00000000749d9149
0x00000000193bf4e0:   0000000017a38050 00000000749e2912
0x00000000193bf4f0:   0000000017a22800 0000000000000000
0x00000000193bf500:   0000000000000000 0000000000000000
0x00000000193bf510:   7250726567676f00 00000000749e1a09
0x00000000193bf520:   00000000193bf5b8 00000000193bf590
0x00000000193bf530:   0000000000000001 0000000017a38050
0x00000000193bf540:   7250726567676f00 00000000749c53b3
0x00000000193bf550:   00000000193bf680 0000000000000001
0x00000000193bf560:   0000000000000001 0000000017a38050
0x00000000193bf570:   000000000000000a 0000000000000000
0x00000000193bf580:   0000000000000000 0000000000000000
0x00000000193bf590:   0000000000000001 00000000749c5571 

Instructions: (pc=0x0000000075b5a6a5)
0x0000000075b5a685:   cc cc cc cc cc cc cc cc cc cc cc 48 83 ec 28 48
0x0000000075b5a695:   85 c9 75 07 33 c0 48 83 c4 28 c3 48 89 5c 24 20
0x0000000075b5a6a5:   48 8b 19 48 85 db 74 20 48 83 fb 37 74 1a 48 8b
0x0000000075b5a6b5:   13 48 8b cb ff 52 10 84 c0 74 0d 48 8b c3 48 8b 


Register to memory mapping:

RAX=0x00000000193bf401 is pointing into the stack for thread: 0x0000000017a22800
RBX=0x0000000017a22800 is a thread
RCX=0x7250726567676f00 is an unknown value
RDX=0x0000000000000000 is an unknown value
RSP=0x00000000193bf4a0 is pointing into the stack for thread: 0x0000000017a22800
RBP=0x7250726567676f00 is an unknown value
RSI=0x00000000193bf5b8 is pointing into the stack for thread: 0x0000000017a22800
RDI=0x0000000002ca88a0 is an unknown value
R8 =0x0000000017a22800 is a thread
R9 =0x0000000000000000 is an unknown value
R10=0x0000000000000000 is an unknown value
R11=0x0000000000000064 is an unknown value
R12=0x0000000000000000 is an unknown value
R13=0x0000000017a1b2d8 is an unknown value
R14=0x0000000000000000 is an unknown value
R15=0x0000000000000000 is an unknown value


Stack: [0x00000000192c0000,0x00000000193c0000],  sp=0x00000000193bf4a0,  free space=1021k
Native frames: (J=compiled Java code, j=interpreted, Vv=VM code, C=native code)
V  [jvm.dll+0x11a6a5]
V  [jvm.dll+0x33447d]
C  [jdwp.dll+0x21a09]
C  [jdwp.dll+0x53b3]
C  [jdwp.dll+0x5571]
C  [jdwp.dll+0xf09c]
C  [jdwp.dll+0x1f2c9]
C  [jdwp.dll+0x1f49e]
V  [jvm.dll+0x1ac128]
V  [jvm.dll+0x22c194]
V  [jvm.dll+0x28576a]
C  [msvcr100.dll+0x21d9f]
C  [msvcr100.dll+0x21e3b]
C  [KERNEL32.DLL+0x12d92]
C  [ntdll.dll+0x9f64]


---------------  P R O C E S S  ---------------

Java Threads: ( => current thread )
  0x00000000200b2800 JavaThread "Remoting "client-endpoint" task-14" daemon [_thread_blocked, id=10716, stack(0x00000000010b0000,0x00000000011b0000)]
  0x00000000200b1800 JavaThread "Remoting "client-endpoint" task-13" daemon [_thread_blocked, id=2128, stack(0x0000000024210000,0x0000000024310000)]
  0x00000000200b6000 JavaThread "Remoting "client-endpoint" task-12" daemon [_thread_blocked, id=12764, stack(0x0000000024110000,0x0000000024210000)]
  0x0000000021b68800 JavaThread "Remoting "client-endpoint" task-11" daemon [_thread_blocked, id=1416, stack(0x0000000024010000,0x0000000024110000)]
  0x0000000021b6c800 JavaThread "Remoting "client-endpoint" task-10" daemon [_thread_blocked, id=2412, stack(0x0000000023f10000,0x0000000024010000)]
  0x0000000021b6b800 JavaThread "Remoting "client-endpoint" task-9" daemon [_thread_blocked, id=9424, stack(0x0000000023e10000,0x0000000023f10000)]
  0x0000000021b6d000 JavaThread "Remoting "client-endpoint" task-8" daemon [_thread_blocked, id=6508, stack(0x00000000238f0000,0x00000000239f0000)]
  0x0000000021b68000 JavaThread "Remoting "client-endpoint" task-7" daemon [_thread_blocked, id=3100, stack(0x00000000235f0000,0x00000000236f0000)]
  0x0000000021b6a000 JavaThread "Remoting "client-endpoint" task-6" daemon [_thread_blocked, id=11932, stack(0x00000000231f0000,0x00000000232f0000)]
  0x0000000021b6e000 JavaThread "Remoting "client-endpoint" task-5" daemon [_thread_blocked, id=10008, stack(0x00000000230f0000,0x00000000231f0000)]
  0x0000000021746800 JavaThread "Remoting "client-endpoint" task-4" daemon [_thread_blocked, id=13920, stack(0x0000000022ff0000,0x00000000230f0000)]
  0x0000000021741800 JavaThread "Remoting "client-endpoint" task-3" daemon [_thread_blocked, id=12576, stack(0x0000000022ef0000,0x0000000022ff0000)]
  0x000000002174c000 JavaThread "Remoting "client-endpoint" task-2" daemon [_thread_blocked, id=11616, stack(0x0000000022df0000,0x0000000022ef0000)]
  0x00000000202d5800 JavaThread "Remoting "client-endpoint" task-1" daemon [_thread_blocked, id=5640, stack(0x0000000022cf0000,0x0000000022df0000)]
  0x000000001febc000 JavaThread "Remoting "client-endpoint" I/O-1" daemon [_thread_in_native, id=7888, stack(0x00000000228f0000,0x00000000229f0000)]
  0x000000001fbe1000 JavaThread "TimerQueue" daemon [_thread_blocked, id=1980, stack(0x0000000021420000,0x0000000021520000)]
  0x000000001fbcc000 JavaThread "D3D Screen Updater" daemon [_thread_blocked, id=2112, stack(0x0000000020b10000,0x0000000020c10000)]
  0x0000000002dc3800 JavaThread "DestroyJavaVM" [_thread_blocked, id=10816, stack(0x0000000002cb0000,0x0000000002db0000)]
  0x0000000019c3d800 JavaThread "AWT-EventQueue-0" [_thread_blocked, id=12276, stack(0x000000001a460000,0x000000001a560000)]
  0x0000000019c32000 JavaThread "AWT-Windows" daemon [_thread_in_native, id=12244, stack(0x000000001a1a0000,0x000000001a2a0000)]
  0x0000000019c31000 JavaThread "AWT-Shutdown" [_thread_blocked, id=12256, stack(0x000000001a0a0000,0x000000001a1a0000)]
  0x0000000019c30800 JavaThread "Java2D Disposer" daemon [_thread_blocked, id=12784, stack(0x0000000019fa0000,0x000000001a0a0000)]
  0x00000000198f8800 JavaThread "Service Thread" daemon [_thread_blocked, id=8056, stack(0x0000000019cc0000,0x0000000019dc0000)]
  0x0000000017a43000 JavaThread "C1 CompilerThread2" daemon [_thread_blocked, id=8372, stack(0x00000000197c0000,0x00000000198c0000)]
  0x0000000017a37000 JavaThread "C2 CompilerThread1" daemon [_thread_blocked, id=5572, stack(0x00000000196c0000,0x00000000197c0000)]
  0x0000000017a3e000 JavaThread "C2 CompilerThread0" daemon [_thread_blocked, id=14392, stack(0x00000000195c0000,0x00000000196c0000)]
  0x0000000017a29800 JavaThread "JDWP Command Reader" daemon [_thread_in_native, id=11508, stack(0x00000000194c0000,0x00000000195c0000)]
  0x0000000017a28000 JavaThread "JDWP Event Helper Thread" daemon [_thread_blocked, id=11836, stack(0x00000000193c0000,0x00000000194c0000)]
=>0x0000000017a22800 JavaThread "JDWP Transport Listener: dt_socket" daemon [_thread_in_vm, id=7616, stack(0x00000000192c0000,0x00000000193c0000)]
  0x0000000017a11000 JavaThread "Attach Listener" daemon [_thread_blocked, id=11368, stack(0x0000000018e80000,0x0000000018f80000)]
  0x0000000017a10000 JavaThread "Signal Dispatcher" daemon [_thread_blocked, id=7656, stack(0x0000000018d80000,0x0000000018e80000)]
  0x0000000002eb7000 JavaThread "Finalizer" daemon [_thread_blocked, id=9880, stack(0x0000000018c80000,0x0000000018d80000)]
  0x00000000179d8000 JavaThread "Reference Handler" daemon [_thread_blocked, id=5972, stack(0x0000000018b80000,0x0000000018c80000)]

Other Threads:
  0x00000000179d6800 VMThread [stack: 0x0000000018a80000,0x0000000018b80000] [id=10980]
  0x0000000019911000 WatcherThread [stack: 0x0000000019dc0000,0x0000000019ec0000] [id=12748]

VM state:not at safepoint (normal execution)

VM Mutex/Monitor currently owned by a thread: None

Heap:
 PSYoungGen      total 38400K, used 25818K [0x00000000d5d80000, 0x00000000d8800000, 0x0000000100000000)
  eden space 33280K, 62% used [0x00000000d5d80000,0x00000000d71ba7d0,0x00000000d7e00000)
  from space 5120K, 99% used [0x00000000d7e00000,0x00000000d82fc288,0x00000000d8300000)
  to   space 5120K, 0% used [0x00000000d8300000,0x00000000d8300000,0x00000000d8800000)
 ParOldGen       total 87552K, used 542K [0x0000000081800000, 0x0000000086d80000, 0x00000000d5d80000)
  object space 87552K, 0% used [0x0000000081800000,0x0000000081887b20,0x0000000086d80000)
 Metaspace       used 19998K, capacity 20334K, committed 20480K, reserved 1067008K
  class space    used 2610K, capacity 2731K, committed 2816K, reserved 1048576K

Card table byte_map: [0x0000000012280000,0x0000000012680000] byte_map_base: 0x0000000011e74000

Marking Bits: (ParMarkBitMap*) 0x000000007621d4f0
 Begin Bits: [0x0000000012d30000, 0x0000000014cd0000)
 End Bits:   [0x0000000014cd0000, 0x0000000016c70000)

Polling page: 0x0000000001460000

CodeCache: size=245760Kb used=6364Kb max_used=6364Kb free=239395Kb
 bounds [0x0000000002ec0000, 0x0000000003500000, 0x0000000011ec0000]
 total_blobs=2502 nmethods=1941 adapters=481
 compilation: enabled

Compilation events (10 events):
Event: 75.731 Thread 0x0000000017a43000 1943       3       sun.font.CompositeFont::getMapper (24 bytes)
Event: 75.731 Thread 0x0000000017a43000 nmethod 1943 0x00000000034f9bd0 code [0x00000000034f9d40, 0x00000000034f9fa8]
Event: 76.136 Thread 0x0000000017a43000 1944       3       javax.swing.text.GapContent$StickyPosition::getOffset (8 bytes)
Event: 76.136 Thread 0x0000000017a43000 nmethod 1944 0x00000000034fa050 code [0x00000000034fa1c0, 0x00000000034fa3e8]
Event: 76.136 Thread 0x0000000017a43000 1945       3       javax.swing.text.GapContent$MarkData::getOffset (46 bytes)
Event: 76.136 Thread 0x0000000017a43000 nmethod 1945 0x00000000034fa490 code [0x00000000034fa600, 0x00000000034fa990]
Event: 76.636 Thread 0x0000000017a43000 1946       3       javax.swing.JRootPane::isOptimizedDrawingEnabled (16 bytes)
Event: 76.636 Thread 0x0000000017a43000 nmethod 1946 0x00000000034faa90 code [0x00000000034fac00, 0x00000000034fae88]
Event: 76.636 Thread 0x0000000017a43000 1947       1       javax.swing.text.AbstractDocument$BranchElement::getElementCount (5 bytes)
Event: 76.636 Thread 0x0000000017a43000 nmethod 1947 0x00000000034f2510 code [0x00000000034f2660, 0x00000000034f2770]

GC Heap History (2 events):
Event: 3.308 GC heap before
{Heap before GC invocations=1 (full 0):
 PSYoungGen      total 38400K, used 33280K [0x00000000d5d80000, 0x00000000d8800000, 0x0000000100000000)
  eden space 33280K, 100% used [0x00000000d5d80000,0x00000000d7e00000,0x00000000d7e00000)
  from space 5120K, 0% used [0x00000000d8300000,0x00000000d8300000,0x00000000d8800000)
  to   space 5120K, 0% used [0x00000000d7e00000,0x00000000d7e00000,0x00000000d8300000)
 ParOldGen       total 87552K, used 0K [0x0000000081800000, 0x0000000086d80000, 0x00000000d5d80000)
  object space 87552K, 0% used [0x0000000081800000,0x0000000081800000,0x0000000086d80000)
 Metaspace       used 16661K, capacity 16856K, committed 17152K, reserved 1064960K
  class space    used 2172K, capacity 2254K, committed 2304K, reserved 1048576K
Event: 3.314 GC heap after
Heap after GC invocations=1 (full 0):
 PSYoungGen      total 38400K, used 5104K [0x00000000d5d80000, 0x00000000d8800000, 0x0000000100000000)
  eden space 33280K, 0% used [0x00000000d5d80000,0x00000000d5d80000,0x00000000d7e00000)
  from space 5120K, 99% used [0x00000000d7e00000,0x00000000d82fc288,0x00000000d8300000)
  to   space 5120K, 0% used [0x00000000d8300000,0x00000000d8300000,0x00000000d8800000)
 ParOldGen       total 87552K, used 542K [0x0000000081800000, 0x0000000086d80000, 0x00000000d5d80000)
  object space 87552K, 0% used [0x0000000081800000,0x0000000081887b20,0x0000000086d80000)
 Metaspace       used 16661K, capacity 16856K, committed 17152K, reserved 1064960K
  class space    used 2172K, capacity 2254K, committed 2304K, reserved 1048576K
}

Deoptimization events (4 events):
Event: 1.627 Thread 0x0000000019c3d800 Uncommon trap: reason=class_check action=maybe_recompile pc=0x00000000030703dc method=java.lang.String.equals(Ljava/lang/Object;)Z @ 8
Event: 1.627 Thread 0x0000000019c3d800 Uncommon trap: reason=class_check action=maybe_recompile pc=0x00000000030703dc method=java.lang.String.equals(Ljava/lang/Object;)Z @ 8
Event: 1.627 Thread 0x0000000019c3d800 Uncommon trap: reason=class_check action=maybe_recompile pc=0x00000000030703dc method=java.lang.String.equals(Ljava/lang/Object;)Z @ 8
Event: 2.637 Thread 0x0000000019c3d800 Uncommon trap: reason=class_check action=maybe_recompile pc=0x00000000030703dc method=java.lang.String.equals(Ljava/lang/Object;)Z @ 8

Internal exceptions (10 events):
Event: 3.968 Thread 0x0000000019c3d800 Exception <a 'java/security/PrivilegedActionException'> (0x00000000d6bf2f80) thrown at [C:\workspace\8-2-build-windows-amd64-cygwin\jdk8u31\2394\hotspot\src\share\vm\prims\jvm.cpp, line 1312]
Event: 3.969 Thread 0x0000000019c3d800 Exception <a 'java/security/PrivilegedActionException'> (0x00000000d6bfa998) thrown at [C:\workspace\8-2-build-windows-amd64-cygwin\jdk8u31\2394\hotspot\src\share\vm\prims\jvm.cpp, line 1312]
Event: 3.970 Thread 0x0000000019c3d800 Exception <a 'java/security/PrivilegedActionException'> (0x00000000d6c09dc8) thrown at [C:\workspace\8-2-build-windows-amd64-cygwin\jdk8u31\2394\hotspot\src\share\vm\prims\jvm.cpp, line 1312]
Event: 3.971 Thread 0x0000000019c3d800 Exception <a 'java/security/PrivilegedActionException'> (0x00000000d6c14690) thrown at [C:\workspace\8-2-build-windows-amd64-cygwin\jdk8u31\2394\hotspot\src\share\vm\prims\jvm.cpp, line 1312]
Event: 3.973 Thread 0x0000000019c3d800 Exception <a 'java/security/PrivilegedActionException'> (0x00000000d6c22ba0) thrown at [C:\workspace\8-2-build-windows-amd64-cygwin\jdk8u31\2394\hotspot\src\share\vm\prims\jvm.cpp, line 1312]
Event: 7.458 Thread 0x0000000021b6d000 Exception <a 'java/security/PrivilegedActionException'> (0x00000000d6db7928) thrown at [C:\workspace\8-2-build-windows-amd64-cygwin\jdk8u31\2394\hotspot\src\share\vm\prims\jvm.cpp, line 1312]
Event: 7.459 Thread 0x0000000019c3d800 Exception <a 'javax/ejb/EJBException'> (0x00000000d6db6c00) thrown at [C:\workspace\8-2-build-windows-amd64-cygwin\jdk8u31\2394\hotspot\src\share\vm\prims\jvm.cpp, line 1316]
Event: 7.459 Thread 0x0000000019c3d800 Exception <a 'javax/ejb/EJBException'> (0x00000000d6db6c00) thrown at [C:\workspace\8-2-build-windows-amd64-cygwin\jdk8u31\2394\hotspot\src\share\vm\prims\jvm.cpp, line 1316]
Event: 33.382 Thread 0x0000000019c3d800 Exception <a 'java/security/PrivilegedActionException'> (0x00000000d6daf2f8) thrown at [C:\workspace\8-2-build-windows-amd64-cygwin\jdk8u31\2394\hotspot\src\share\vm\prims\jvm.cpp, line 1312]
Event: 33.384 Thread 0x0000000019c3d800 Exception <a 'java/security/PrivilegedActionException'> (0x00000000d6e2da38) thrown at [C:\workspace\8-2-build-windows-amd64-cygwin\jdk8u31\2394\hotspot\src\share\vm\prims\jvm.cpp, line 1312]

Events (10 events):
Event: 63.696 Thread 0x0000000017a43000 flushing nmethod 0x0000000002fce250
Event: 63.696 Thread 0x0000000017a43000 flushing nmethod 0x0000000002fcec90
Event: 63.696 Thread 0x0000000017a43000 flushing nmethod 0x0000000002fdef90
Event: 63.787 Thread 0x00000000200b2800 Thread added: 0x00000000200b2800
Event: 74.218 Executing VM operation: RevokeBias
Event: 74.218 Executing VM operation: RevokeBias done
Event: 75.729 Executing VM operation: RevokeBias
Event: 75.729 Executing VM operation: RevokeBias done
Event: 357.359 Executing VM operation: RedefineClasses
Event: 357.398 Executing VM operation: RedefineClasses done


Dynamic libraries:
0x00007ff7f0500000 - 0x00007ff7f0534000 	C:\Program Files\Java\jre1.8.0_31\bin\javaw.exe
0x00007ffdb1730000 - 0x00007ffdb18f1000 	C:\WINDOWS\SYSTEM32\ntdll.dll
0x00007ffdaf190000 - 0x00007ffdaf23d000 	C:\WINDOWS\system32\KERNEL32.DLL
0x00007ffdae830000 - 0x00007ffdaea0d000 	C:\WINDOWS\system32\KERNELBASE.dll
0x00007ffdaf030000 - 0x00007ffdaf0d6000 	C:\WINDOWS\system32\ADVAPI32.dll
0x00007ffdb1260000 - 0x00007ffdb12fd000 	C:\WINDOWS\system32\msvcrt.dll
0x00007ffdaf400000 - 0x00007ffdaf45b000 	C:\WINDOWS\system32\sechost.dll
0x00007ffdaf240000 - 0x00007ffdaf366000 	C:\WINDOWS\system32\RPCRT4.dll
0x00007ffdb0fd0000 - 0x00007ffdb111e000 	C:\WINDOWS\system32\USER32.dll
0x00007ffdb0dd0000 - 0x00007ffdb0f56000 	C:\WINDOWS\system32\GDI32.dll
0x00007ffda3710000 - 0x00007ffda3984000 	C:\WINDOWS\WinSxS\amd64_microsoft.windows.common-controls_6595b64144ccf1df_6.0.10240.16384_none_f41f7b285750ef43\COMCTL32.dll
0x00007ffdaf460000 - 0x00007ffdaf496000 	C:\WINDOWS\system32\IMM32.DLL
0x00007ffdb0bb0000 - 0x00007ffdb0d0c000 	C:\WINDOWS\system32\MSCTF.dll
0x0000000075350000 - 0x0000000075422000 	C:\Program Files\Java\jre1.8.0_31\bin\msvcr100.dll
0x0000000075a40000 - 0x000000007629a000 	C:\Program Files\Java\jre1.8.0_31\bin\server\jvm.dll
0x00007ffdb09d0000 - 0x00007ffdb09d8000 	C:\WINDOWS\system32\PSAPI.DLL
0x00007ffdac900000 - 0x00007ffdac909000 	C:\WINDOWS\SYSTEM32\WSOCK32.dll
0x00007ffdb0f60000 - 0x00007ffdb0fc9000 	C:\WINDOWS\system32\WS2_32.dll
0x00007ffdaf370000 - 0x00007ffdaf378000 	C:\WINDOWS\system32\NSI.dll
0x00007ffdac340000 - 0x00007ffdac363000 	C:\WINDOWS\SYSTEM32\WINMM.dll
0x00007ffdac2e0000 - 0x00007ffdac30c000 	C:\WINDOWS\SYSTEM32\WINMMBASE.dll
0x00007ffdaed50000 - 0x00007ffdaed94000 	C:\WINDOWS\system32\cfgmgr32.dll
0x00007ffdacad0000 - 0x00007ffdacaf7000 	C:\WINDOWS\SYSTEM32\DEVOBJ.dll
0x0000000076da0000 - 0x0000000076daf000 	C:\Program Files\Java\jre1.8.0_31\bin\verify.dll
0x0000000076560000 - 0x0000000076588000 	C:\Program Files\Java\jre1.8.0_31\bin\java.dll
0x00000000749c0000 - 0x00000000749f5000 	C:\Program Files\Java\jre1.8.0_31\bin\jdwp.dll
0x00000000749b0000 - 0x00000000749b8000 	C:\Program Files\Java\jre1.8.0_31\bin\npt.dll
0x0000000075940000 - 0x0000000075956000 	C:\Program Files\Java\jre1.8.0_31\bin\zip.dll
0x00007ffdaf4a0000 - 0x00007ffdb09c2000 	C:\WINDOWS\system32\SHELL32.dll
0x00007ffdae200000 - 0x00007ffdae828000 	C:\WINDOWS\system32\windows.storage.dll
0x00007ffdb1450000 - 0x00007ffdb16cc000 	C:\WINDOWS\system32\combase.dll
0x00007ffdb1120000 - 0x00007ffdb1171000 	C:\WINDOWS\system32\shlwapi.dll
0x00007ffdae1d0000 - 0x00007ffdae1df000 	C:\WINDOWS\system32\kernel.appcore.dll
0x00007ffdaea10000 - 0x00007ffdaeac3000 	C:\WINDOWS\system32\shcore.dll
0x00007ffdae180000 - 0x00007ffdae1ca000 	C:\WINDOWS\system32\powrprof.dll
0x00007ffdae1e0000 - 0x00007ffdae1f3000 	C:\WINDOWS\system32\profapi.dll
0x00000000749a0000 - 0x00000000749a9000 	C:\Program Files\Java\jre1.8.0_31\bin\dt_socket.dll
0x00007ffd9e810000 - 0x00007ffd9e825000 	C:\WINDOWS\system32\napinsp.dll
0x00007ffd9e7b0000 - 0x00007ffd9e7ca000 	C:\WINDOWS\system32\pnrpnsp.dll
0x00007ffdabe00000 - 0x00007ffdabe18000 	C:\WINDOWS\system32\NLAapi.dll
0x00007ffdadad0000 - 0x00007ffdadb2d000 	C:\WINDOWS\System32\mswsock.dll
0x00007ffdad7a0000 - 0x00007ffdad848000 	C:\WINDOWS\SYSTEM32\DNSAPI.dll
0x00007ffd9ff60000 - 0x00007ffd9ff6d000 	C:\WINDOWS\System32\winrnr.dll
0x00007ffd9ecc0000 - 0x00007ffd9ecd5000 	C:\WINDOWS\system32\wshbth.dll
0x00007ffda8820000 - 0x00007ffda8888000 	C:\WINDOWS\System32\fwpuclnt.dll
0x00007ffdadca0000 - 0x00007ffdadcc8000 	C:\WINDOWS\SYSTEM32\bcrypt.dll
0x00007ffda2d30000 - 0x00007ffda2d3a000 	C:\Windows\System32\rasadhlp.dll
0x0000000075430000 - 0x00000000755c8000 	C:\Program Files\Java\jre1.8.0_31\bin\awt.dll
0x00007ffdb0d10000 - 0x00007ffdb0dce000 	C:\WINDOWS\system32\OLEAUT32.dll
0x00007ffdac230000 - 0x00007ffdac2a8000 	C:\WINDOWS\system32\apphelp.dll
0x00007ffdaca30000 - 0x00007ffdacac6000 	C:\WINDOWS\system32\uxtheme.dll
0x00007ffdac200000 - 0x00007ffdac222000 	C:\WINDOWS\system32\dwmapi.dll
0x00007ffdb1300000 - 0x00007ffdb1441000 	C:\WINDOWS\system32\ole32.dll
0x00007ffdadfb0000 - 0x00007ffdae01b000 	C:\WINDOWS\SYSTEM32\bcryptPrimitives.dll
0x00007ffd8bb70000 - 0x00007ffd8bd80000 	C:\WINDOWS\system32\d3d9.dll
0x00007ffd7e110000 - 0x00007ffd803f3000 	C:\WINDOWS\SYSTEM32\igdumdim64.dll
0x00007ffdb09e0000 - 0x00007ffdb0ba5000 	C:\WINDOWS\system32\SETUPAPI.dll
0x00007ffda6a10000 - 0x00007ffda7412000 	C:\WINDOWS\SYSTEM32\igdusc64.dll
0x0000000075880000 - 0x00000000758c7000 	C:\Program Files\Java\jre1.8.0_31\bin\fontmanager.dll
0x00007ffdaf0e0000 - 0x00007ffdaf185000 	C:\WINDOWS\system32\clbcatq.dll
0x00007ffda2b70000 - 0x00007ffda2d22000 	C:\WINDOWS\SYSTEM32\WindowsCodecs.dll
0x00007ffdadb30000 - 0x00007ffdadb47000 	C:\WINDOWS\SYSTEM32\cryptsp.dll
0x00007ffdad6c0000 - 0x00007ffdad6f3000 	C:\WINDOWS\system32\rsaenh.dll
0x00007ffdadb80000 - 0x00007ffdadb8b000 	C:\WINDOWS\SYSTEM32\CRYPTBASE.dll
0x00007ffd9f070000 - 0x00007ffd9f0b6000 	C:\WINDOWS\system32\dataexchange.dll
0x00007ffdab9f0000 - 0x00007ffdabac1000 	C:\WINDOWS\system32\dcomp.dll
0x00007ffda1020000 - 0x00007ffda1565000 	C:\WINDOWS\system32\d2d1.dll
0x00007ffda7520000 - 0x00007ffda77c3000 	C:\WINDOWS\system32\d3d11.dll
0x00007ffda77d0000 - 0x00007ffda786c000 	C:\WINDOWS\system32\dxgi.dll
0x00007ffdacb00000 - 0x00007ffdacbee000 	C:\WINDOWS\system32\twinapi.appcore.dll
0x00007ffdad970000 - 0x00007ffdad98f000 	C:\WINDOWS\system32\USERENV.dll
0x0000000075920000 - 0x000000007593a000 	C:\Program Files\Java\jre1.8.0_31\bin\net.dll
0x0000000075900000 - 0x0000000075911000 	C:\Program Files\Java\jre1.8.0_31\bin\nio.dll
0x0000000075830000 - 0x0000000075871000 	C:\Program Files\Java\jre1.8.0_31\bin\t2k.dll
0x00000000756b0000 - 0x00000000756bd000 	C:\Program Files\Java\jre1.8.0_31\bin\management.dll
0x00007ffdac7a0000 - 0x00007ffdac7d8000 	C:\WINDOWS\SYSTEM32\IPHLPAPI.DLL
0x00007ffdac790000 - 0x00007ffdac79b000 	C:\WINDOWS\SYSTEM32\WINNSI.DLL
0x00007ffda9020000 - 0x00007ffda9036000 	C:\WINDOWS\SYSTEM32\dhcpcsvc6.DLL
0x00007ffda9000000 - 0x00007ffda901a000 	C:\WINDOWS\SYSTEM32\dhcpcsvc.DLL
0x00000000758d0000 - 0x00000000758f4000 	C:\Program Files\Java\jre1.8.0_31\bin\sunec.dll
0x0000000074a00000 - 0x0000000074a0b000 	C:\Program Files\Java\jre1.8.0_31\bin\sunmscapi.dll
0x00007ffdaead0000 - 0x00007ffdaec91000 	C:\WINDOWS\system32\CRYPT32.dll
0x00007ffdae160000 - 0x00007ffdae171000 	C:\WINDOWS\system32\MSASN1.dll
0x00007ffd8aa00000 - 0x00007ffd8ab8a000 	C:\WINDOWS\SYSTEM32\dbghelp.dll

VM Arguments:
jvm_args: -agentlib:jdwp=transport=dt_socket,suspend=y,address=localhost:60621 -Dfile.encoding=Cp1252 
java_command: com.sample.client.MainWindow
java_class_path (initial): D:\git\szarch\build\classes;D:\devnull\wildfly-9.0.2.Final\modules\system\layers\base\javax\activation\api\main\activation-1.1.1.jar;D:\devnull\wildfly-9.0.2.Final\modules\system\layers\base\javax\annotation\api\main\jboss-annotations-api_1.2_spec-1.0.0.Final.jar;D:\devnull\wildfly-9.0.2.Final\modules\system\layers\base\javax\ejb\api\main\jboss-ejb-api_3.2_spec-1.0.0.Final.jar;D:\devnull\wildfly-9.0.2.Final\modules\system\layers\base\javax\el\api\main\jboss-el-api_3.0_spec-1.0.4.Final.jar;D:\devnull\wildfly-9.0.2.Final\modules\system\layers\base\javax\enterprise\api\main\cdi-api-1.2.jar;D:\devnull\wildfly-9.0.2.Final\modules\system\layers\base\javax\faces\api\main\jboss-jsf-api_2.2_spec-2.2.12.jar;D:\devnull\wildfly-9.0.2.Final\modules\system\layers\base\javax\inject\api\main\javax.inject-1.jar;D:\devnull\wildfly-9.0.2.Final\modules\system\layers\base\javax\interceptor\api\main\jboss-interceptors-api_1.2_spec-1.0.0.Final.jar;D:\devnull\wildfly-9.0.2.Final\modules\system\layers\base\javax\jms\api\main\jboss-jms-api_2.0_spec-1.0.0.Final.jar;D:\devnull\wildfly-9.0.2.Final\modules\system\layers\base\javax\jws\api\main\jsr181-api-1.0-MR1.jar;D:\devnull\wildfly-9.0.2.Final\modules\system\layers\base\javax\mail\api\main\javax.mail-1.5.3.jar;D:\devnull\wildfly-9.0.2.Final\modules\system\layers\base\javax\management\j2ee\api\main\jboss-j2eemgmt-api_1.1_spec-1.0.1.Final.jar;D:\devnull\wildfly-9.0.2.Final\modules\system\layers\base\javax\persistence\api\main\hibernate-jpa-2.1-api-1.0.0.Final.jar;D:\devnull\wildfly-9.0.2.Final\modules\system\layers\base\javax\resource\api\main\jboss-connector-api_1.7_spec-1.0.0.Final.jar;D:\devnull\wildfly-9.0.2.Final\modules\system\layers\base\javax\security\auth\message\api\main\jboss-jaspi-api_1.1_spec-1.0.0.Final.jar;D:\devnull\wildfly-9.0.2.Final\modules\system\layers\base\javax\security\jacc\api\main\jboss-jacc-api_1.5_spec-1.0.0.Final.jar;D:\devnull\wildfly-9.0.2.Final\modules\system\layers\base\javax\servlet
Launcher Type: SUN_STANDARD

Environment Variables:
JAVA_HOME=C:\Program Files\Java\jre1.8.0_31\
CLASSPATH=.;C:\Program Files\Java\jre1.8.0_31\bin;C:\Javalib\antlr-4.5-complete.jar;D:\wtf\jdtcore-3.0.1.jar;D:\wtf\mysql-connector-java-5.1.36-bin.jar;
PATH=C:/Program Files/Java/jre1.8.0_31/bin/server;C:/Program Files/Java/jre1.8.0_31/bin;C:/Program Files/Java/jre1.8.0_31/lib/amd64;C:\ProgramData\Oracle\Java\javapath;C:\Program Files (x86)\Intel\iCLS Client\;C:\Program Files\Intel\iCLS Client\;C:\WINDOWS\system32;C:\WINDOWS;C:\WINDOWS\System32\Wbem;C:\WINDOWS\System32\WindowsPowerShell\v1.0\;C:\Program Files\Intel\Intel(R) Management Engine Components\DAL;C:\Program Files\Intel\Intel(R) Management Engine Components\IPT;C:\Program Files (x86)\Intel\Intel(R) Management Engine Components\DAL;C:\Program Files (x86)\Intel\Intel(R) Management Engine Components\IPT;C:\Program Files (x86)\ATI Technologies\ATI.ACE\Core-Static;C:\Program Files\TortoiseGit\bin;C:\Program Files (x86)\Skype\Phone\;C:\Program Files\Intel\WiFi\bin\;C:\Program Files\Common Files\Intel\WirelessCommon\;C:\Users\Andris\AppData\Local\Programs\Python\Python35-32\Scripts\;C:\Users\Andris\AppData\Local\Programs\Python\Python35-32\;C:\Program Files\Intel\WiFi\bin\;C:\Program Files\Common Files\Intel\WirelessCommon\;C:\Program Files\Java\jre1.8.0_31\bin;C:\Program Files\Java\jdk1.8.0_31\bin;D:\devnull\gradle-2.8\bin;;D:\devnull\eclipse;
USERNAME=Andris
OS=Windows_NT
PROCESSOR_IDENTIFIER=Intel64 Family 6 Model 69 Stepping 1, GenuineIntel



---------------  S Y S T E M  ---------------

OS: Windows 8.1 , 64 bit Build 9600 

CPU:total 4 (2 cores per cpu, 2 threads per core) family 6 model 69 stepping 1, cmov, cx8, fxsr, mmx, sse, sse2, sse3, ssse3, sse4.1, sse4.2, popcnt, avx, avx2, aes, clmul, erms, lzcnt, ht, tsc, tscinvbit, bmi1, bmi2

Memory: 4k page, physical 8282476k(2171096k free), swap 18026844k(8191892k free)

vm_info: Java HotSpot(TM) 64-Bit Server VM (25.31-b07) for windows-amd64 JRE (1.8.0_31-b13), built on Dec 17 2014 21:00:28 by "java_re" with MS VC++ 10.0 (VS2010)

time: Fri Nov 27 21:26:09 2015
elapsed time: 357 seconds (0d 0h 5m 57s)

